This file contains any messages produced by compilers while
running configure, to aid debugging if configure makes a mistake.

It was created by GtkShot configure 2.0, which was
generated by GNU Autoconf 2.67.  Invocation command line was

  $ ./configure 

## --------- ##
## Platform. ##
## --------- ##

hostname = debian
uname -m = i686
uname -r = 2.6.32-5-686-bigmem
uname -s = Linux
uname -v = #1 SMP Sun May 6 04:39:05 UTC 2012

/usr/bin/uname -p = unknown
/bin/uname -X     = unknown

/bin/arch              = unknown
/usr/bin/arch -k       = unknown
/usr/convex/getsysinfo = unknown
/usr/bin/hostinfo      = unknown
/bin/machine           = unknown
/usr/bin/oslevel       = unknown
/bin/universe          = unknown

PATH: /home/ARM/toolchain/bin
PATH: /usr/local/bin
PATH: /usr/bin
PATH: /bin
PATH: /usr/local/games
PATH: /usr/games


## ----------- ##
## Core tests. ##
## ----------- ##

configure:2283: checking for a BSD-compatible install
configure:2351: result: /usr/bin/install -c
configure:2362: checking whether build environment is sane
configure:2412: result: yes
configure:2553: checking for a thread-safe mkdir -p
configure:2592: result: /bin/mkdir -p
configure:2605: checking for gawk
configure:2635: result: no
configure:2605: checking for mawk
configure:2621: found /usr/bin/mawk
configure:2632: result: mawk
configure:2643: checking whether make sets $(MAKE)
configure:2665: result: yes
configure:2785: checking build system type
configure:2799: result: i686-pc-linux-gnu
configure:2819: checking host system type
configure:2832: result: i686-pc-linux-gnu
configure:2864: checking for style of include used by make
configure:2892: result: GNU
configure:2962: checking for gcc
configure:2978: found /usr/bin/gcc
configure:2989: result: gcc
configure:3218: checking for C compiler version
configure:3227: gcc --version >&5
gcc (Debian 4.3.5-4) 4.3.5
Copyright (C) 2008 Free Software Foundation, Inc.
This is free software; see the source for copying conditions.  There is NO
warranty; not even for MERCHANTABILITY or FITNESS FOR A PARTICULAR PURPOSE.

configure:3238: $? = 0
configure:3227: gcc -v >&5
Using built-in specs.
Target: i486-linux-gnu
Configured with: ../src/configure -v --with-pkgversion='Debian 4.3.5-4' --with-bugurl=file:///usr/share/doc/gcc-4.3/README.Bugs --enable-languages=c,c++,fortran,objc,obj-c++ --prefix=/usr --enable-shared --enable-multiarch --enable-linker-build-id --with-system-zlib --libexecdir=/usr/lib --without-included-gettext --enable-threads=posix --enable-nls --with-gxx-include-dir=/usr/include/c++/4.3 --program-suffix=-4.3 --enable-clocale=gnu --enable-libstdcxx-debug --enable-objc-gc --enable-mpfr --enable-targets=all --with-tune=generic --enable-checking=release --build=i486-linux-gnu --host=i486-linux-gnu --target=i486-linux-gnu
Thread model: posix
gcc version 4.3.5 (Debian 4.3.5-4) 
configure:3238: $? = 0
configure:3227: gcc -V >&5
gcc: '-V' option must have argument
configure:3238: $? = 1
configure:3227: gcc -qversion >&5
gcc: unrecognized option '-qversion'
gcc: no input files
configure:3238: $? = 1
configure:3258: checking whether the C compiler works
configure:3280: gcc    conftest.c  >&5
configure:3284: $? = 0
configure:3332: result: yes
configure:3335: checking for C compiler default output file name
configure:3337: result: a.out
configure:3343: checking for suffix of executables
configure:3350: gcc -o conftest    conftest.c  >&5
configure:3354: $? = 0
configure:3376: result: 
configure:3398: checking whether we are cross compiling
configure:3406: gcc -o conftest    conftest.c  >&5
configure:3410: $? = 0
configure:3417: ./conftest
configure:3421: $? = 0
configure:3436: result: no
configure:3441: checking for suffix of object files
configure:3463: gcc -c   conftest.c >&5
configure:3467: $? = 0
configure:3488: result: o
configure:3492: checking whether we are using the GNU C compiler
configure:3511: gcc -c   conftest.c >&5
configure:3511: $? = 0
configure:3520: result: yes
configure:3529: checking whether gcc accepts -g
configure:3549: gcc -c -g  conftest.c >&5
configure:3549: $? = 0
configure:3590: result: yes
configure:3607: checking for gcc option to accept ISO C89
configure:3671: gcc  -c -g -O2  conftest.c >&5
configure:3671: $? = 0
configure:3684: result: none needed
configure:3706: checking dependency style of gcc
configure:3816: result: gcc3
configure:3831: checking for a sed that does not truncate output
configure:3895: result: /bin/sed
configure:3913: checking for grep that handles long lines and -e
configure:3971: result: /bin/grep
configure:3976: checking for egrep
configure:4038: result: /bin/grep -E
configure:4043: checking for fgrep
configure:4105: result: /bin/grep -F
configure:4140: checking for ld used by gcc
configure:4207: result: /usr/bin/ld
configure:4214: checking if the linker (/usr/bin/ld) is GNU ld
configure:4229: result: yes
configure:4241: checking for BSD- or MS-compatible name lister (nm)
configure:4290: result: /usr/bin/nm -B
configure:4408: checking the name lister (/usr/bin/nm -B) interface
configure:4415: gcc -c -g -O2  conftest.c >&5
configure:4418: /usr/bin/nm -B "conftest.o"
configure:4421: output
00000000 B some_variable
configure:4428: result: BSD nm
configure:4431: checking whether ln -s works
configure:4435: result: yes
configure:4443: checking the maximum length of command line arguments
configure:4563: result: 1572864
configure:4580: checking whether the shell understands some XSI constructs
configure:4590: result: yes
configure:4594: checking whether the shell understands "+="
configure:4600: result: yes
configure:4635: checking for /usr/bin/ld option to reload object files
configure:4642: result: -r
configure:4711: checking for objdump
configure:4727: found /usr/bin/objdump
configure:4738: result: objdump
configure:4770: checking how to recognize dependent libraries
configure:4966: result: pass_all
configure:5026: checking for ar
configure:5042: found /usr/bin/ar
configure:5053: result: ar
configure:5131: checking for strip
configure:5147: found /usr/bin/strip
configure:5158: result: strip
configure:5230: checking for ranlib
configure:5246: found /usr/bin/ranlib
configure:5257: result: ranlib
configure:5347: checking command to parse /usr/bin/nm -B output from gcc object
configure:5465: gcc -c -g -O2  conftest.c >&5
configure:5468: $? = 0
configure:5472: /usr/bin/nm -B conftest.o \| sed -n -e 's/^.*[	 ]\([ABCDGIRSTW][ABCDGIRSTW]*\)[	 ][	 ]*\([_A-Za-z][_A-Za-z0-9]*\)$/\1 \2 \2/p' \> conftest.nm
configure:5475: $? = 0
configure:5529: gcc -o conftest -g -O2   conftest.c conftstm.o >&5
configure:5532: $? = 0
configure:5570: result: ok
configure:6379: checking how to run the C preprocessor
configure:6410: gcc -E  conftest.c
configure:6410: $? = 0
configure:6424: gcc -E  conftest.c
conftest.c:11:28: error: ac_nonexistent.h: No such file or directory
configure:6424: $? = 1
configure: failed program was:
| /* confdefs.h */
| #define PACKAGE_NAME "GtkShot"
| #define PACKAGE_TARNAME "gtkshot"
| #define PACKAGE_VERSION "2.0"
| #define PACKAGE_STRING "GtkShot 2.0"
| #define PACKAGE_BUGREPORT "crazydan0@126.com"
| #define PACKAGE_URL ""
| #define PACKAGE "gtkshot"
| #define VERSION "2.0"
| /* end confdefs.h.  */
| #include <ac_nonexistent.h>
configure:6449: result: gcc -E
configure:6469: gcc -E  conftest.c
configure:6469: $? = 0
configure:6483: gcc -E  conftest.c
conftest.c:11:28: error: ac_nonexistent.h: No such file or directory
configure:6483: $? = 1
configure: failed program was:
| /* confdefs.h */
| #define PACKAGE_NAME "GtkShot"
| #define PACKAGE_TARNAME "gtkshot"
| #define PACKAGE_VERSION "2.0"
| #define PACKAGE_STRING "GtkShot 2.0"
| #define PACKAGE_BUGREPORT "crazydan0@126.com"
| #define PACKAGE_URL ""
| #define PACKAGE "gtkshot"
| #define VERSION "2.0"
| /* end confdefs.h.  */
| #include <ac_nonexistent.h>
configure:6512: checking for ANSI C header files
configure:6532: gcc -c -g -O2  conftest.c >&5
configure:6532: $? = 0
configure:6605: gcc -o conftest -g -O2   conftest.c  >&5
configure:6605: $? = 0
configure:6605: ./conftest
configure:6605: $? = 0
configure:6616: result: yes
configure:6629: checking for sys/types.h
configure:6629: gcc -c -g -O2  conftest.c >&5
configure:6629: $? = 0
configure:6629: result: yes
configure:6629: checking for sys/stat.h
configure:6629: gcc -c -g -O2  conftest.c >&5
configure:6629: $? = 0
configure:6629: result: yes
configure:6629: checking for stdlib.h
configure:6629: gcc -c -g -O2  conftest.c >&5
configure:6629: $? = 0
configure:6629: result: yes
configure:6629: checking for string.h
configure:6629: gcc -c -g -O2  conftest.c >&5
configure:6629: $? = 0
configure:6629: result: yes
configure:6629: checking for memory.h
configure:6629: gcc -c -g -O2  conftest.c >&5
configure:6629: $? = 0
configure:6629: result: yes
configure:6629: checking for strings.h
configure:6629: gcc -c -g -O2  conftest.c >&5
configure:6629: $? = 0
configure:6629: result: yes
configure:6629: checking for inttypes.h
configure:6629: gcc -c -g -O2  conftest.c >&5
configure:6629: $? = 0
configure:6629: result: yes
configure:6629: checking for stdint.h
configure:6629: gcc -c -g -O2  conftest.c >&5
configure:6629: $? = 0
configure:6629: result: yes
configure:6629: checking for unistd.h
configure:6629: gcc -c -g -O2  conftest.c >&5
configure:6629: $? = 0
configure:6629: result: yes
configure:6643: checking for dlfcn.h
configure:6643: gcc -c -g -O2  conftest.c >&5
configure:6643: $? = 0
configure:6643: result: yes
configure:6827: checking for objdir
configure:6842: result: .libs
configure:7134: checking if gcc supports -fno-rtti -fno-exceptions
configure:7152: gcc -c -g -O2  -fno-rtti -fno-exceptions conftest.c >&5
cc1: warning: command line option "-fno-rtti" is valid for C++/ObjC++ but not for C
configure:7156: $? = 0
configure:7169: result: no
configure:7189: checking for gcc option to produce PIC
configure:7461: result: -fPIC -DPIC
configure:7473: checking if gcc PIC flag -fPIC -DPIC works
configure:7491: gcc -c -g -O2  -fPIC -DPIC -DPIC conftest.c >&5
configure:7495: $? = 0
configure:7508: result: yes
configure:7532: checking if gcc static flag -static works
configure:7560: result: yes
configure:7575: checking if gcc supports -c -o file.o
configure:7596: gcc -c -g -O2  -o out/conftest2.o conftest.c >&5
configure:7600: $? = 0
configure:7622: result: yes
configure:7630: checking if gcc supports -c -o file.o
configure:7677: result: yes
configure:7710: checking whether the gcc linker (/usr/bin/ld) supports shared libraries
configure:8701: result: yes
configure:8738: checking whether -lc should be explicitly linked in
configure:8743: gcc -c -g -O2  conftest.c >&5
configure:8746: $? = 0
configure:8761: gcc -shared conftest.o  -v -Wl,-soname -Wl,conftest -o conftest 2\>\&1 \| /bin/grep  -lc  \>/dev/null 2\>\&1
configure:8764: $? = 0
configure:8776: result: no
configure:8940: checking dynamic linker characteristics
configure:9373: gcc -o conftest -g -O2   -Wl,-rpath -Wl,/foo conftest.c  >&5
configure:9373: $? = 0
configure:9603: result: GNU/Linux ld.so
configure:9705: checking how to hardcode library paths into programs
configure:9730: result: immediate
configure:10250: checking whether stripping libraries is possible
configure:10255: result: yes
configure:10290: checking if libtool supports shared libraries
configure:10292: result: yes
configure:10295: checking whether to build shared libraries
configure:10316: result: yes
configure:10319: checking whether to build static libraries
configure:10323: result: yes
configure:10359: checking for library containing strerror
configure:10390: gcc -o conftest -g -O2   conftest.c  >&5
configure:10390: $? = 0
configure:10407: result: none required
configure:10463: checking for gcc
configure:10490: result: gcc
configure:10719: checking for C compiler version
configure:10728: gcc --version >&5
gcc (Debian 4.3.5-4) 4.3.5
Copyright (C) 2008 Free Software Foundation, Inc.
This is free software; see the source for copying conditions.  There is NO
warranty; not even for MERCHANTABILITY or FITNESS FOR A PARTICULAR PURPOSE.

configure:10739: $? = 0
configure:10728: gcc -v >&5
Using built-in specs.
Target: i486-linux-gnu
Configured with: ../src/configure -v --with-pkgversion='Debian 4.3.5-4' --with-bugurl=file:///usr/share/doc/gcc-4.3/README.Bugs --enable-languages=c,c++,fortran,objc,obj-c++ --prefix=/usr --enable-shared --enable-multiarch --enable-linker-build-id --with-system-zlib --libexecdir=/usr/lib --without-included-gettext --enable-threads=posix --enable-nls --with-gxx-include-dir=/usr/include/c++/4.3 --program-suffix=-4.3 --enable-clocale=gnu --enable-libstdcxx-debug --enable-objc-gc --enable-mpfr --enable-targets=all --with-tune=generic --enable-checking=release --build=i486-linux-gnu --host=i486-linux-gnu --target=i486-linux-gnu
Thread model: posix
gcc version 4.3.5 (Debian 4.3.5-4) 
configure:10739: $? = 0
configure:10728: gcc -V >&5
gcc: '-V' option must have argument
configure:10739: $? = 1
configure:10728: gcc -qversion >&5
gcc: unrecognized option '-qversion'
gcc: no input files
configure:10739: $? = 1
configure:10743: checking whether we are using the GNU C compiler
configure:10771: result: yes
configure:10780: checking whether gcc accepts -g
configure:10841: result: yes
configure:10858: checking for gcc option to accept ISO C89
configure:10935: result: none needed
configure:10957: checking dependency style of gcc
configure:11067: result: gcc3
configure:11130: checking for gcc
configure:11157: result: gcc
configure:11386: checking for C compiler version
configure:11395: gcc --version >&5
gcc (Debian 4.3.5-4) 4.3.5
Copyright (C) 2008 Free Software Foundation, Inc.
This is free software; see the source for copying conditions.  There is NO
warranty; not even for MERCHANTABILITY or FITNESS FOR A PARTICULAR PURPOSE.

configure:11406: $? = 0
configure:11395: gcc -v >&5
Using built-in specs.
Target: i486-linux-gnu
Configured with: ../src/configure -v --with-pkgversion='Debian 4.3.5-4' --with-bugurl=file:///usr/share/doc/gcc-4.3/README.Bugs --enable-languages=c,c++,fortran,objc,obj-c++ --prefix=/usr --enable-shared --enable-multiarch --enable-linker-build-id --with-system-zlib --libexecdir=/usr/lib --without-included-gettext --enable-threads=posix --enable-nls --with-gxx-include-dir=/usr/include/c++/4.3 --program-suffix=-4.3 --enable-clocale=gnu --enable-libstdcxx-debug --enable-objc-gc --enable-mpfr --enable-targets=all --with-tune=generic --enable-checking=release --build=i486-linux-gnu --host=i486-linux-gnu --target=i486-linux-gnu
Thread model: posix
gcc version 4.3.5 (Debian 4.3.5-4) 
configure:11406: $? = 0
configure:11395: gcc -V >&5
gcc: '-V' option must have argument
configure:11406: $? = 1
configure:11395: gcc -qversion >&5
gcc: unrecognized option '-qversion'
gcc: no input files
configure:11406: $? = 1
configure:11410: checking whether we are using the GNU C compiler
configure:11438: result: yes
configure:11447: checking whether gcc accepts -g
configure:11508: result: yes
configure:11525: checking for gcc option to accept ISO C89
configure:11602: result: none needed
configure:11624: checking dependency style of gcc
configure:11734: result: gcc3
configure:11753: checking whether gcc and cc understand -c and -o together
configure:11784: gcc -c conftest.c -o conftest2.o >&5
configure:11788: $? = 0
configure:11794: gcc -c conftest.c -o conftest2.o >&5
configure:11798: $? = 0
configure:11809: cc -c conftest.c >&5
configure:11813: $? = 0
configure:11821: cc -c conftest.c -o conftest2.o >&5
configure:11825: $? = 0
configure:11831: cc -c conftest.c -o conftest2.o >&5
configure:11835: $? = 0
configure:11853: result: yes
configure:11878: checking for ANSI C header files
configure:11982: result: yes
configure:12119: checking for pkg-config
configure:12137: found /usr/bin/pkg-config
configure:12149: result: /usr/bin/pkg-config
configure:12174: checking pkg-config is at least version 0.9.0
configure:12177: result: yes
configure:12187: checking for GTK
configure:12194: $PKG_CONFIG --exists --print-errors "$gtk_modules"
configure:12197: $? = 0
configure:12210: $PKG_CONFIG --exists --print-errors "$gtk_modules"
configure:12213: $? = 0
configure:12270: result: yes
configure:12280: checking for X11
configure:12287: $PKG_CONFIG --exists --print-errors "$pkg_modules"
configure:12290: $? = 0
configure:12303: $PKG_CONFIG --exists --print-errors "$pkg_modules"
configure:12306: $? = 0
configure:12363: result: yes
configure:12497: creating ./config.status

## ---------------------- ##
## Running config.status. ##
## ---------------------- ##

This file was extended by GtkShot config.status 2.0, which was
generated by GNU Autoconf 2.67.  Invocation command line was

  CONFIG_FILES    = 
  CONFIG_HEADERS  = 
  CONFIG_LINKS    = 
  CONFIG_COMMANDS = 
  $ ./config.status 

on debian

config.status:1092: creating Makefile
config.status:1092: creating src/Makefile
config.status:1092: creating po/Makefile
config.status:1092: creating config.h
config.status:1320: executing depfiles commands
config.status:1320: executing libtool commands

## ---------------- ##
## Cache variables. ##
## ---------------- ##

ac_cv_build=i686-pc-linux-gnu
ac_cv_c_compiler_gnu=yes
ac_cv_env_CC_set=
ac_cv_env_CC_value=
ac_cv_env_CFLAGS_set=
ac_cv_env_CFLAGS_value=
ac_cv_env_CPPFLAGS_set=
ac_cv_env_CPPFLAGS_value=
ac_cv_env_CPP_set=
ac_cv_env_CPP_value=
ac_cv_env_GTK_CFLAGS_set=
ac_cv_env_GTK_CFLAGS_value=
ac_cv_env_GTK_LIBS_set=
ac_cv_env_GTK_LIBS_value=
ac_cv_env_LDFLAGS_set=
ac_cv_env_LDFLAGS_value=
ac_cv_env_LIBS_set=
ac_cv_env_LIBS_value=
ac_cv_env_PKG_CONFIG_LIBDIR_set=
ac_cv_env_PKG_CONFIG_LIBDIR_value=
ac_cv_env_PKG_CONFIG_PATH_set=
ac_cv_env_PKG_CONFIG_PATH_value=
ac_cv_env_PKG_CONFIG_set=
ac_cv_env_PKG_CONFIG_value=
ac_cv_env_X11_CFLAGS_set=
ac_cv_env_X11_CFLAGS_value=
ac_cv_env_X11_LIBS_set=
ac_cv_env_X11_LIBS_value=
ac_cv_env_build_alias_set=
ac_cv_env_build_alias_value=
ac_cv_env_host_alias_set=
ac_cv_env_host_alias_value=
ac_cv_env_target_alias_set=
ac_cv_env_target_alias_value=
ac_cv_header_dlfcn_h=yes
ac_cv_header_inttypes_h=yes
ac_cv_header_memory_h=yes
ac_cv_header_stdc=yes
ac_cv_header_stdint_h=yes
ac_cv_header_stdlib_h=yes
ac_cv_header_string_h=yes
ac_cv_header_strings_h=yes
ac_cv_header_sys_stat_h=yes
ac_cv_header_sys_types_h=yes
ac_cv_header_unistd_h=yes
ac_cv_host=i686-pc-linux-gnu
ac_cv_objext=o
ac_cv_path_EGREP='/bin/grep -E'
ac_cv_path_FGREP='/bin/grep -F'
ac_cv_path_GREP=/bin/grep
ac_cv_path_SED=/bin/sed
ac_cv_path_ac_pt_PKG_CONFIG=/usr/bin/pkg-config
ac_cv_path_install='/usr/bin/install -c'
ac_cv_path_mkdir=/bin/mkdir
ac_cv_prog_AWK=mawk
ac_cv_prog_CPP='gcc -E'
ac_cv_prog_ac_ct_AR=ar
ac_cv_prog_ac_ct_CC=gcc
ac_cv_prog_ac_ct_OBJDUMP=objdump
ac_cv_prog_ac_ct_RANLIB=ranlib
ac_cv_prog_ac_ct_STRIP=strip
ac_cv_prog_cc_c89=
ac_cv_prog_cc_g=yes
ac_cv_prog_cc_gcc_c_o=yes
ac_cv_prog_make_make_set=yes
ac_cv_search_strerror='none required'
am_cv_CC_dependencies_compiler_type=gcc3
am_cv_prog_cc_stdc=
lt_cv_deplibs_check_method=pass_all
lt_cv_file_magic_cmd='$MAGIC_CMD'
lt_cv_file_magic_test_file=
lt_cv_ld_reload_flag=-r
lt_cv_nm_interface='BSD nm'
lt_cv_objdir=.libs
lt_cv_path_LD=/usr/bin/ld
lt_cv_path_NM='/usr/bin/nm -B'
lt_cv_prog_compiler_c_o=yes
lt_cv_prog_compiler_pic_works=yes
lt_cv_prog_compiler_rtti_exceptions=no
lt_cv_prog_compiler_static_works=yes
lt_cv_prog_gnu_ld=yes
lt_cv_sys_global_symbol_pipe='sed -n -e '\''s/^.*[	 ]\([ABCDGIRSTW][ABCDGIRSTW]*\)[	 ][	 ]*\([_A-Za-z][_A-Za-z0-9]*\)$/\1 \2 \2/p'\'''
lt_cv_sys_global_symbol_to_c_name_address='sed -n -e '\''s/^: \([^ ]*\) $/  {\"\1\", (void *) 0},/p'\'' -e '\''s/^[ABCDGIRSTW]* \([^ ]*\) \([^ ]*\)$/  {"\2", (void *) \&\2},/p'\'''
lt_cv_sys_global_symbol_to_c_name_address_lib_prefix='sed -n -e '\''s/^: \([^ ]*\) $/  {\"\1\", (void *) 0},/p'\'' -e '\''s/^[ABCDGIRSTW]* \([^ ]*\) \(lib[^ ]*\)$/  {"\2", (void *) \&\2},/p'\'' -e '\''s/^[ABCDGIRSTW]* \([^ ]*\) \([^ ]*\)$/  {"lib\2", (void *) \&\2},/p'\'''
lt_cv_sys_global_symbol_to_cdecl='sed -n -e '\''s/^T .* \(.*\)$/extern int \1();/p'\'' -e '\''s/^[ABCDGIRSTW]* .* \(.*\)$/extern char \1;/p'\'''
lt_cv_sys_max_cmd_len=1572864
pkg_cv_GTK_CFLAGS='-pthread -I/usr/include/gtk-2.0 -I/usr/lib/gtk-2.0/include -I/usr/include/atk-1.0 -I/usr/include/cairo -I/usr/include/pango-1.0 -I/usr/include/gio-unix-2.0/ -I/usr/include/pixman-1 -I/usr/include/freetype2 -I/usr/include/libpng12 -I/usr/include/glib-2.0 -I/usr/lib/glib-2.0/include  '
pkg_cv_GTK_LIBS='-pthread -lgtk-x11-2.0 -lgdk-x11-2.0 -latk-1.0 -lpangoft2-1.0 -lgdk_pixbuf-2.0 -lm -lpangocairo-1.0 -lcairo -lgio-2.0 -lpango-1.0 -lfreetype -lfontconfig -lgobject-2.0 -lgmodule-2.0 -lgthread-2.0 -lrt -lglib-2.0  '
pkg_cv_X11_CFLAGS=' '
pkg_cv_X11_LIBS='-lX11  '

## ----------------- ##
## Output variables. ##
## ----------------- ##

ACLOCAL='${SHELL} /media/code/projects/mine/GtkShot/source/2.0/missing --run aclocal-1.11'
AMDEPBACKSLASH='\'
AMDEP_FALSE='#'
AMDEP_TRUE=''
AMTAR='${SHELL} /media/code/projects/mine/GtkShot/source/2.0/missing --run tar'
AR='ar'
AUTOCONF='${SHELL} /media/code/projects/mine/GtkShot/source/2.0/missing --run autoconf'
AUTOHEADER='${SHELL} /media/code/projects/mine/GtkShot/source/2.0/missing --run autoheader'
AUTOMAKE='${SHELL} /media/code/projects/mine/GtkShot/source/2.0/missing --run automake-1.11'
AWK='mawk'
CC='gcc'
CCDEPMODE='depmode=gcc3'
CFLAGS='-g -O2'
CPP='gcc -E'
CPPFLAGS=''
CYGPATH_W='echo'
DEFS='-DHAVE_CONFIG_H'
DEPDIR='.deps'
DSYMUTIL=''
DUMPBIN=''
ECHO_C=''
ECHO_N='-n'
ECHO_T=''
EGREP='/bin/grep -E'
EXEEXT=''
FGREP='/bin/grep -F'
GREP='/bin/grep'
GTK_CFLAGS='-pthread -I/usr/include/gtk-2.0 -I/usr/lib/gtk-2.0/include -I/usr/include/atk-1.0 -I/usr/include/cairo -I/usr/include/pango-1.0 -I/usr/include/gio-unix-2.0/ -I/usr/include/pixman-1 -I/usr/include/freetype2 -I/usr/include/libpng12 -I/usr/include/glib-2.0 -I/usr/lib/glib-2.0/include  '
GTK_LIBS='-pthread -lgtk-x11-2.0 -lgdk-x11-2.0 -latk-1.0 -lpangoft2-1.0 -lgdk_pixbuf-2.0 -lm -lpangocairo-1.0 -lcairo -lgio-2.0 -lpango-1.0 -lfreetype -lfontconfig -lgobject-2.0 -lgmodule-2.0 -lgthread-2.0 -lrt -lglib-2.0  '
INSTALL_DATA='${INSTALL} -m 644'
INSTALL_PROGRAM='${INSTALL}'
INSTALL_SCRIPT='${INSTALL}'
INSTALL_STRIP_PROGRAM='$(install_sh) -c -s'
LD='/usr/bin/ld'
LDFLAGS=''
LIBOBJS=''
LIBS=''
LIBTOOL='$(SHELL) $(top_builddir)/libtool'
LIPO=''
LN_S='ln -s'
LTLIBOBJS=''
MAKEINFO='${SHELL} /media/code/projects/mine/GtkShot/source/2.0/missing --run makeinfo'
MKDIR_P='/bin/mkdir -p'
NM='/usr/bin/nm -B'
NMEDIT=''
OBJDUMP='objdump'
OBJEXT='o'
OTOOL64=''
OTOOL=''
PACKAGE='gtkshot'
PACKAGE_BUGREPORT='crazydan0@126.com'
PACKAGE_NAME='GtkShot'
PACKAGE_STRING='GtkShot 2.0'
PACKAGE_TARNAME='gtkshot'
PACKAGE_URL=''
PACKAGE_VERSION='2.0'
PATH_SEPARATOR=':'
PKG_CONFIG='/usr/bin/pkg-config'
PKG_CONFIG_LIBDIR=''
PKG_CONFIG_PATH=''
RANLIB='ranlib'
SED='/bin/sed'
SET_MAKE=''
SHELL='/bin/bash'
STRIP='strip'
VERSION='2.0'
X11_CFLAGS=' '
X11_LIBS='-lX11  '
ac_ct_CC='gcc'
ac_ct_DUMPBIN=''
am__EXEEXT_FALSE=''
am__EXEEXT_TRUE='#'
am__fastdepCC_FALSE='#'
am__fastdepCC_TRUE=''
am__include='include'
am__isrc=''
am__leading_dot='.'
am__quote=''
am__tar='${AMTAR} chof - "$$tardir"'
am__untar='${AMTAR} xf -'
bindir='${exec_prefix}/bin'
build='i686-pc-linux-gnu'
build_alias=''
build_cpu='i686'
build_os='linux-gnu'
build_vendor='pc'
datadir='${datarootdir}'
datarootdir='${prefix}/share'
docdir='${datarootdir}/doc/${PACKAGE_TARNAME}'
dvidir='${docdir}'
exec_prefix='${prefix}'
host='i686-pc-linux-gnu'
host_alias=''
host_cpu='i686'
host_os='linux-gnu'
host_vendor='pc'
htmldir='${docdir}'
includedir='${prefix}/include'
infodir='${datarootdir}/info'
install_sh='${SHELL} /media/code/projects/mine/GtkShot/source/2.0/install-sh'
libdir='${exec_prefix}/lib'
libexecdir='${exec_prefix}/libexec'
localedir='${datarootdir}/locale'
localstatedir='${prefix}/var'
lt_ECHO='echo'
mandir='${datarootdir}/man'
mkdir_p='/bin/mkdir -p'
oldincludedir='/usr/include'
pdfdir='${docdir}'
prefix='/usr/local'
program_transform_name='s,x,x,'
psdir='${docdir}'
sbindir='${exec_prefix}/sbin'
sharedstatedir='${prefix}/com'
sysconfdir='${prefix}/etc'
target_alias=''

## ----------- ##
## confdefs.h. ##
## ----------- ##

/* confdefs.h */
#define PACKAGE_NAME "GtkShot"
#define PACKAGE_TARNAME "gtkshot"
#define PACKAGE_VERSION "2.0"
#define PACKAGE_STRING "GtkShot 2.0"
#define PACKAGE_BUGREPORT "crazydan0@126.com"
#define PACKAGE_URL ""
#define PACKAGE "gtkshot"
#define VERSION "2.0"
#define STDC_HEADERS 1
#define HAVE_SYS_TYPES_H 1
#define HAVE_SYS_STAT_H 1
#define HAVE_STDLIB_H 1
#define HAVE_STRING_H 1
#define HAVE_MEMORY_H 1
#define HAVE_STRINGS_H 1
#define HAVE_INTTYPES_H 1
#define HAVE_STDINT_H 1
#define HAVE_UNISTD_H 1
#define HAVE_DLFCN_H 1
#define LT_OBJDIR ".libs/"
#define STDC_HEADERS 1
#define GTK_SHOT_NAME "GtkShot"
#define GTK_SHOT_VERSION "2.0"
#define SYSTEM_CURSOR_SIZE 16
#define GTK_SHOT_ANCHOR_BORDER 6
#define GTK_SHOT_SECTION_BORDER 2
#define GTK_SHOT_SECTION_COLOR 0x00ff00
#define GTK_SHOT_OPACITY 0.8
#define GTK_SHOT_COLOR 0x000000
#define GTK_SHOT_DEFAULT_PEN_FONT "Sans 10"
#define GTK_SHOT_DEFAULT_PEN_COLOR 0xff0000
#define GTK_SHOT_DEFAULT_PEN_SIZE 2
#define GTK_SHOT_NO_ANCHOR 0

configure: exit 0

## ---------------------- ##
## Running config.status. ##
## ---------------------- ##

This file was extended by GtkShot config.status 2.0, which was
generated by GNU Autoconf 2.67.  Invocation command line was

  CONFIG_FILES    = 
  CONFIG_HEADERS  = 
  CONFIG_LINKS    = 
  CONFIG_COMMANDS = 
  $ ./config.status config.h

on debian

config.status:1092: creating config.h
config.status:1272: config.h is unchanged
